<?xml version="1.0" encoding="UTF-8"?>
<testng-results total="1" passed="0" failed="1" skipped="0">
  <reporter-output>
  </reporter-output>
  <suite started-at="2019-02-10T18:05:50Z" name="Suite" finished-at="2019-02-10T18:07:01Z" duration-ms="70626">
    <groups>
    </groups>
    <test started-at="2019-02-10T18:05:50Z" name="Test1" finished-at="2019-02-10T18:07:01Z" duration-ms="70626">
      <class name="appium.webParralel.Swipe">
        <test-method is-config="true" signature="beforeClass(java.lang.String, java.lang.String, java.lang.String, java.lang.String)[pri:0, instance:appium.webParralel.Swipe@1613674b]" started-at="2019-02-10T23:35:50Z" name="beforeClass" finished-at="2019-02-10T23:36:38Z" duration-ms="47940" status="PASS">
          <params>
            <param index="0">
              <value>
                <![CDATA[AVY9KA9631301284]]>
              </value>
            </param>
            <param index="1">
              <value>
                <![CDATA[5.1]]>
              </value>
            </param>
            <param index="2">
              <value is-null="true"/>
            </param>
            <param index="3">
              <value is-null="true"/>
            </param>
          </params>
          <reporter-output>
          </reporter-output>
        </test-method> <!-- beforeClass -->
        <test-method signature="swipe()[pri:0, instance:appium.webParralel.Swipe@1613674b]" started-at="2019-02-10T23:36:38Z" name="swipe" finished-at="2019-02-10T23:37:01Z" duration-ms="22647" status="FAIL">
          <exception class="org.openqa.selenium.NoSuchElementException">
            <message>
              <![CDATA[An element could not be located on the page using the given search parameters. (WARNING: The server did not provide any stacktrace information)
Command duration or timeout: 0 milliseconds
For documentation on this error, please visit: http://seleniumhq.org/exceptions/no_such_element.html
Build info: version: '3.12.0', revision: '7c6e0b3', time: '2018-05-08T14:04:26.12Z'
System info: host: 'NIVAS', ip: '192.168.22.2', os.name: 'Windows 8.1', os.arch: 'amd64', os.version: '6.3', java.version: '10.0.2'
Driver info: io.appium.java_client.android.AndroidDriver
Capabilities {appActivity: com.snapdeal.ui.material.ac..., appPackage: com.snapdeal.main, browserName: , clearSystemFiles: true, databaseEnabled: false, desired: {appActivity: com.snapdeal.ui.material.ac..., appPackage: com.snapdeal.main, browserName: , clearSystemFiles: true, deviceName: AVY9KA9631301284, fullReset: false, newCommandTimeout: 2000, noReset: true, platform: ANDROID, platformName: Android, udid: AVY9KA9631301284, version: 5.1}, deviceManufacturer: HUAWEI, deviceModel: TIT-AL00, deviceName: AVY9KA9631301284, deviceScreenSize: 720x1280, deviceUDID: AVY9KA9631301284, fullReset: false, javascriptEnabled: true, locationContextEnabled: false, networkConnectionEnabled: true, newCommandTimeout: 2000, noReset: true, platform: ANDROID, platformName: Android, platformVersion: 5.1, takesScreenshot: true, udid: AVY9KA9631301284, version: 5.1, warnings: {}, webStorageEnabled: false}
Session ID: cfccb32b-07ac-4212-a744-deacf8ffb2a1
*** Element info: {Using=-android uiautomator, value=new UiScrollable(new UiSelector()).scrollIntoView(new UiSelector().text("Jordan Football Design Sportswear"))}]]>
            </message>
            <full-stacktrace>
              <![CDATA[org.openqa.selenium.NoSuchElementException: An element could not be located on the page using the given search parameters. (WARNING: The server did not provide any stacktrace information)
Command duration or timeout: 0 milliseconds
For documentation on this error, please visit: http://seleniumhq.org/exceptions/no_such_element.html
Build info: version: '3.12.0', revision: '7c6e0b3', time: '2018-05-08T14:04:26.12Z'
System info: host: 'NIVAS', ip: '192.168.22.2', os.name: 'Windows 8.1', os.arch: 'amd64', os.version: '6.3', java.version: '10.0.2'
Driver info: io.appium.java_client.android.AndroidDriver
Capabilities {appActivity: com.snapdeal.ui.material.ac..., appPackage: com.snapdeal.main, browserName: , clearSystemFiles: true, databaseEnabled: false, desired: {appActivity: com.snapdeal.ui.material.ac..., appPackage: com.snapdeal.main, browserName: , clearSystemFiles: true, deviceName: AVY9KA9631301284, fullReset: false, newCommandTimeout: 2000, noReset: true, platform: ANDROID, platformName: Android, udid: AVY9KA9631301284, version: 5.1}, deviceManufacturer: HUAWEI, deviceModel: TIT-AL00, deviceName: AVY9KA9631301284, deviceScreenSize: 720x1280, deviceUDID: AVY9KA9631301284, fullReset: false, javascriptEnabled: true, locationContextEnabled: false, networkConnectionEnabled: true, newCommandTimeout: 2000, noReset: true, platform: ANDROID, platformName: Android, platformVersion: 5.1, takesScreenshot: true, udid: AVY9KA9631301284, version: 5.1, warnings: {}, webStorageEnabled: false}
Session ID: cfccb32b-07ac-4212-a744-deacf8ffb2a1
*** Element info: {Using=-android uiautomator, value=new UiScrollable(new UiSelector()).scrollIntoView(new UiSelector().text("Jordan Football Design Sportswear"))}
	at java.base/jdk.internal.reflect.NativeConstructorAccessorImpl.newInstance0(Native Method)
	at java.base/jdk.internal.reflect.NativeConstructorAccessorImpl.newInstance(NativeConstructorAccessorImpl.java:62)
	at java.base/jdk.internal.reflect.DelegatingConstructorAccessorImpl.newInstance(DelegatingConstructorAccessorImpl.java:45)
	at java.base/java.lang.reflect.Constructor.newInstance(Constructor.java:488)
	at org.openqa.selenium.remote.ErrorHandler.createThrowable(ErrorHandler.java:214)
	at org.openqa.selenium.remote.ErrorHandler.throwIfResponseFailed(ErrorHandler.java:166)
	at org.openqa.selenium.remote.http.JsonHttpResponseCodec.reconstructValue(JsonHttpResponseCodec.java:40)
	at org.openqa.selenium.remote.http.AbstractHttpResponseCodec.decode(AbstractHttpResponseCodec.java:80)
	at org.openqa.selenium.remote.http.AbstractHttpResponseCodec.decode(AbstractHttpResponseCodec.java:44)
	at org.openqa.selenium.remote.HttpCommandExecutor.execute(HttpCommandExecutor.java:158)
	at io.appium.java_client.remote.AppiumCommandExecutor.execute(AppiumCommandExecutor.java:231)
	at org.openqa.selenium.remote.RemoteWebDriver.execute(RemoteWebDriver.java:548)
	at io.appium.java_client.DefaultGenericMobileDriver.execute(DefaultGenericMobileDriver.java:42)
	at io.appium.java_client.AppiumDriver.execute(AppiumDriver.java:1)
	at io.appium.java_client.android.AndroidDriver.execute(AndroidDriver.java:1)
	at org.openqa.selenium.remote.RemoteWebDriver.findElement(RemoteWebDriver.java:322)
	at io.appium.java_client.DefaultGenericMobileDriver.findElement(DefaultGenericMobileDriver.java:62)
	at io.appium.java_client.AppiumDriver.findElement(AppiumDriver.java:1)
	at io.appium.java_client.android.AndroidDriver.findElement(AndroidDriver.java:1)
	at io.appium.java_client.FindsByAndroidUIAutomator.findElementByAndroidUIAutomator(FindsByAndroidUIAutomator.java:38)
	at appium.webParralel.Swipe.scrollToUiselector(Swipe.java:99)
	at appium.webParralel.Swipe.swipe(Swipe.java:26)
	at java.base/jdk.internal.reflect.NativeMethodAccessorImpl.invoke0(Native Method)
	at java.base/jdk.internal.reflect.NativeMethodAccessorImpl.invoke(NativeMethodAccessorImpl.java:62)
	at java.base/jdk.internal.reflect.DelegatingMethodAccessorImpl.invoke(DelegatingMethodAccessorImpl.java:43)
	at java.base/java.lang.reflect.Method.invoke(Method.java:564)
	at org.testng.internal.MethodInvocationHelper.invokeMethod(MethodInvocationHelper.java:86)
	at org.testng.internal.Invoker.invokeMethod(Invoker.java:643)
	at org.testng.internal.Invoker.invokeTestMethod(Invoker.java:820)
	at org.testng.internal.Invoker.invokeTestMethods(Invoker.java:1128)
	at org.testng.internal.TestMethodWorker.invokeTestMethods(TestMethodWorker.java:129)
	at org.testng.internal.TestMethodWorker.run(TestMethodWorker.java:112)
	at org.testng.TestRunner.privateRun(TestRunner.java:782)
	at org.testng.TestRunner.run(TestRunner.java:632)
	at org.testng.SuiteRunner.runTest(SuiteRunner.java:366)
	at org.testng.SuiteRunner.access$000(SuiteRunner.java:39)
	at org.testng.SuiteRunner$SuiteWorker.run(SuiteRunner.java:400)
	at org.testng.internal.thread.ThreadUtil$2.call(ThreadUtil.java:64)
	at java.base/java.util.concurrent.FutureTask.run(FutureTask.java:264)
	at java.base/java.util.concurrent.ThreadPoolExecutor.runWorker(ThreadPoolExecutor.java:1135)
	at java.base/java.util.concurrent.ThreadPoolExecutor$Worker.run(ThreadPoolExecutor.java:635)
	at java.base/java.lang.Thread.run(Thread.java:844)
]]>
            </full-stacktrace>
          </exception> <!-- org.openqa.selenium.NoSuchElementException -->
          <reporter-output>
          </reporter-output>
        </test-method> <!-- swipe -->
      </class> <!-- appium.webParralel.Swipe -->
      <class name="appium.webParralel.AppLaunchClass">
        <test-method is-config="true" signature="beforeSuite()[pri:0, instance:appium.webParralel.AppLaunchClass@5ace1ed4]" started-at="2019-02-10T23:35:50Z" name="beforeSuite" finished-at="2019-02-10T23:35:50Z" duration-ms="29" status="PASS">
          <reporter-output>
          </reporter-output>
        </test-method> <!-- beforeSuite -->
        <test-method is-config="true" signature="afterSuite()[pri:0, instance:appium.webParralel.AppLaunchClass@5ace1ed4]" started-at="2019-02-10T23:37:01Z" name="afterSuite" finished-at="2019-02-10T23:37:01Z" duration-ms="1" status="PASS">
          <reporter-output>
          </reporter-output>
        </test-method> <!-- afterSuite -->
      </class> <!-- appium.webParralel.AppLaunchClass -->
    </test> <!-- Test1 -->
  </suite> <!-- Suite -->
</testng-results>
